

quai-gpu-miner 1.2.4+commit.84634fd2
Build: linux/release/gnu

[94m i [35m07:00:01 [94mquai-gpu-miner- [0mConfigured pool suomi.straffesites.be:3333
[94m i [35m07:00:01 [94mquai-gpu-miner- [0mApi server listening on port 9090.
[94m i [35m07:00:01 [94mquai-gpu-miner- [0mSelected pool suomi.straffesites.be:3333
[94m i [35m07:00:01 [94mmain      [0mTerminated!


[94m i [35m07:00:01 [94mquai-gpu-miner- [0mStratum mode : EthereumStratum/2.0.0
[94m i [35m07:00:01 [94mquai-gpu-miner- [0mEstablished connection to suomi.straffesites.be [135.181.180.251:3333]
[94m i [35m07:00:01 [94mquai-gpu-miner- [0mSpinning up miners...
[33mcu [35m07:00:01 [94mcuda-0    [0mUsing Pci Id : 03:00.0 Tesla V100-SXM2-16GB (Compute 7.0) Memory : 15.77 GB
[33mcu [35m07:00:01 [94mcuda-1    [0mUsing Pci Id : 04:00.0 Tesla V100-SXM2-16GB (Compute 7.0) Memory : 15.77 GB
[33mcu [35m07:00:01 [94mcuda-1    [0mReleasing a primary context that has not been previously retained will fail with CUDA_ERROR_INVALID_CONTEXT, this is normal
[94m i [35m07:00:01 [94mquai-gpu-miner- [0mAuthorized worker 
[94m i [35m07:00:01 [94mquai-gpu-miner- [0mExtranonce set to [1;97mc1b5[0m
[94m i [35m07:00:01 [94mquai-gpu-miner- [0mExtranonce set to [1;97mc1b5[0m
[94m i [35m07:00:01 [94mquai-gpu-miner- [0mEpoch : [97m1[0m Difficulty : [97m45.01 Gh[0m
[94m i [35m07:00:01 [94mquai-gpu-miner- [0mJob: [97maa1a5be4… block 397796[0m suomi.straffesites.be [135.181.180.251:3333]
[33mcu [35m07:00:02 [94mcuda-1    [0mGenerating DAG + Light : 4.08 GB
[33mcu [35m07:00:02 [94mcuda-0    [0mGenerating DAG + Light : 4.08 GB
[94m i [35m07:00:02 [94mquai-gpu-miner- [0mExtranonce set to [1;97mc1b5[0m
[94m i [35m07:00:02 [94mquai-gpu-miner- [0mJob: [97m01aabff3… block 397796[0m suomi.straffesites.be [135.181.180.251:3333]
